<?xml version="1.0" encoding="UTF-8"?>
<!-- Generated by org.testng.reporters.JUnitReportReporter -->
<testsuite hostname="Genius" failures="0" tests="3" name="tests.SignupLoginTest" time="36.793" errors="0" timestamp="2026-02-13T10:53:40 IST" skipped="0">
  <testcase classname="tests.SignupLoginTest" name="verifyUserSignup" time="15.502"/>
  <testcase classname="tests.SignupLoginTest" name="verifyInvalidLogin" time="11.362"/>
  <testcase classname="tests.SignupLoginTest" name="verifySignupNavigation" time="9.929"/>
</testsuite> <!-- tests.SignupLoginTest -->
