<?xml version="1.0" encoding="UTF-8"?>
<!-- Generated by org.testng.reporters.JUnitXMLReporter -->
<testsuite ignored="0" hostname="Genius" failures="1" tests="14" name="Complete UI Tests" time="159.188" errors="0" timestamp="2026-02-13T10:53:40 IST">
  <testcase classname="tests.HomePageTest" name="verifyApiTestingNavigation" time="5.437"/>
  <testcase classname="tests.HomePageTest" name="verifyCartLinkNavigation" time="2.803"/>
  <testcase classname="tests.HomePageTest" name="verifyContactUsNavigation" time="2.42"/>
  <testcase classname="tests.HomePageTest" name="verifyHeaderAndNavigation" time="0.247"/>
  <testcase classname="tests.HomePageTest" name="verifyHomeLinkNavigation" time="4.939"/>
  <testcase classname="tests.HomePageTest" name="verifyHomePageContent" time="0.097"/>
  <testcase classname="tests.HomePageTest" name="verifyProductsLinkNavigation" time="10.401">
    <failure type="org.openqa.selenium.TimeoutException" message="Expected condition failed: waiting for tests.HomePageTest$$Lambda$636/0x000001d7ce236000@7e46d648 (tried for 10 second(s) with 500 milliseconds interval)
Build info: version: &amp;apos;4.17.0&amp;apos;, revision: &amp;apos;e52b1be057*&amp;apos;
System info: os.name: &amp;apos;Windows 11&amp;apos;, os.arch: &amp;apos;amd64&amp;apos;, os.version: &amp;apos;10.0&amp;apos;, java.version: &amp;apos;17.0.16&amp;apos;
Driver info: org.openqa.selenium.chrome.ChromeDriver
Capabilities {acceptInsecureCerts: false, browserName: chrome, browserVersion: 144.0.7559.133, chrome: {chromedriverVersion: 144.0.7559.133 (7da823b1d59..., userDataDir: C:\Users\DEEPCO~1\AppData\L...}, fedcm:accounts: true, goog:chromeOptions: {debuggerAddress: localhost:53808}, goog:processID: 16456, networkConnectionEnabled: false, pageLoadStrategy: normal, platformName: windows, proxy: Proxy(), se:cdp: ws://localhost:53808/devtoo..., se:cdpVersion: 144.0.7559.133, setWindowRect: true, strictFileInteractability: false, timeouts: {implicit: 0, pageLoad: 300000, script: 30000}, unhandledPromptBehavior: dismiss and notify, webauthn:extension:credBlob: true, webauthn:extension:largeBlob: true, webauthn:extension:minPinLength: true, webauthn:extension:prf: true, webauthn:virtualAuthenticators: true}
Session ID: 01ad8bf53cb16aadf7efe5f3eb57d2b8">
      <![CDATA[org.openqa.selenium.TimeoutException: Expected condition failed: waiting for tests.HomePageTest$$Lambda$636/0x000001d7ce236000@7e46d648 (tried for 10 second(s) with 500 milliseconds interval)
Build info: version: '4.17.0', revision: 'e52b1be057*'
System info: os.name: 'Windows 11', os.arch: 'amd64', os.version: '10.0', java.version: '17.0.16'
Driver info: org.openqa.selenium.chrome.ChromeDriver
Capabilities {acceptInsecureCerts: false, browserName: chrome, browserVersion: 144.0.7559.133, chrome: {chromedriverVersion: 144.0.7559.133 (7da823b1d59..., userDataDir: C:\Users\DEEPCO~1\AppData\L...}, fedcm:accounts: true, goog:chromeOptions: {debuggerAddress: localhost:53808}, goog:processID: 16456, networkConnectionEnabled: false, pageLoadStrategy: normal, platformName: windows, proxy: Proxy(), se:cdp: ws://localhost:53808/devtoo..., se:cdpVersion: 144.0.7559.133, setWindowRect: true, strictFileInteractability: false, timeouts: {implicit: 0, pageLoad: 300000, script: 30000}, unhandledPromptBehavior: dismiss and notify, webauthn:extension:credBlob: true, webauthn:extension:largeBlob: true, webauthn:extension:minPinLength: true, webauthn:extension:prf: true, webauthn:virtualAuthenticators: true}
Session ID: 01ad8bf53cb16aadf7efe5f3eb57d2b8
at org.openqa.selenium.support.ui.WebDriverWait.timeoutException(WebDriverWait.java:84)
at org.openqa.selenium.support.ui.FluentWait.until(FluentWait.java:228)
at tests.HomePageTest.verifyProductsLinkNavigation(HomePageTest.java:70)
at java.base/java.util.ArrayList.forEach(ArrayList.java:1511)
... Removed 27 stack frames]]>
    </failure>
  </testcase> <!-- verifyProductsLinkNavigation -->
  <testcase classname="tests.HomePageTest" name="verifyScrollTopAndBottom" time="4.095"/>
  <testcase classname="tests.HomePageTest" name="verifySignupLoginNavigation" time="3.296"/>
  <testcase classname="tests.HomePageTest" name="verifySubscriptionFunctionality" time="0.469"/>
  <testcase classname="tests.HomePageTest" name="verifyTestCasesNavigation" time="4.597"/>
  <testcase classname="tests.SignupLoginTest" name="verifyInvalidLogin" time="5.494"/>
  <testcase classname="tests.SignupLoginTest" name="verifySignupNavigation" time="3.226"/>
  <testcase classname="tests.SignupLoginTest" name="verifyUserSignup" time="5.88"/>
</testsuite> <!-- Complete UI Tests -->
